0 70 100000 365
0 230 200000 407
0 134 300000 639
0 4 400000 854
0 710 500000 215
0 254 600000 729
0 98 700000 983
0 18 800000 1243
0 100 900000 1252
0 700 1000000 722
1 100 1100000 1380
0 892 1200000 642
1 100 1300000 1480
1 772 1400000 852
0 988 1500000 678
1 958 1600000 745
1 462 1700000 1277
0 802 1800000 973
0 548 1900000 1260
1 828 2000000 1010
0 412 2100000 1458
0 1522 2200000 377
1 732 2300000 1194
0 1042 2400000 913
1 100 2500000 1880
1 252 2600000 1754
0 898 2700000 1135
1 16 2800000 2114
0 450 2900000 1841
0 592 3000000 1788
1 208 3100000 2240
1 390 3200000 2117
1 230 3300000 2329
0 224 3400000 2384
1 976 3500000 1674
0 304 3600000 2388
0 592 3700000 2138
0 800 3800000 1966
1 1190 3900000 1609
0 1274 4000000 1559
1 358 4100000 2505
0 642 4200000 2253
0 1520 4300000 1404
1 966 4400000 1985
0 592 4500000 2388
1 766 4600000 2239
1 1126 4700000 1905
1 176 4800000 2880
1 1726 4900000 1355
1 1566 5000000 1539
0 592 5100000 2538
0 634 5200000 2519
1 1440 5300000 1734
1 1056 5400000 2140
0 2050 5500000 1169
1 1350 5600000 1889
1 1856 5700000 1404
0 784 5800000 2498
0 1824 5900000 1478
0 1264 6000000 2058
1 896 6100000 2444
0 570 6200000 2791
0 592 6300000 2788
1 830 6400000 2567
0 1754 6500000 1663
1 2480 6600000 954
1 2560 6700000 892
0 1730 6800000 1741
1 870 6900000 2617
0 1040 7000000 2466
0 1794 7100000 1729
0 1392 7200000 2148
1 166 7300000 3389
1 2880 7400000 692
1 608 7500000 2980
0 640 7600000 2966
0 864 7700000 2758
0 64 7800000 3574
1 1760 7900000 1892
0 1850 8000000 1819
1 1958 8100000 1725
1 208 8200000 3490
0 642 8300000 3073
0 592 8400000 3138
1 358 8500000 3385
1 2208 8600000 1550
0 1920 8700000 1854
1 1670 8800000 2117
0 834 8900000 2969
0 2554 9000000 1263
0 3490 9100000 341
1 3520 9200000 324
0 3010 9300000 849
0 1594 9400000 2279
1 606 9500000 3279
1 3590 9600000 309
0 80 9700000 3834
0 3074 9800000 853
1 2150 9900000 1789
1 560 10000000 3392
0 354 10100000 3613
0 592 10200000 3388
0 154 10300000 3839
1 960 10400000 3044
1 2750 10500000 1267
0 2690 10600000 1341
1 400 10700000 3642
0 3840 10800000 216
1 550 10900000 3517
0 2490 11000000 1591
1 3200 11100000 892
0 174 11200000 4053
0 352 11300000 4006
0 224 11400000 4218
0 126 11500000 4383
0 832 11600000 3734
0 974 11700000 3643
1 264 11800000 4398
1 626 11900000 4079
1 626 12000000 4119
0 1176 12100000 3608
0 376 12200000 4444
0 416 12300000 4438
1 1026 12400000 3859
1 288 12500000 4628
1 8 12600000 4938
0 174 12700000 4803
0 606 12800000 4399
0 1624 12900000 3408
1 274 13000000 4783
1 1154 13100000 3929
1 704 13200000 4404
0 1376 13300000 3758
0 1152 13400000 4006
1 1376 13500000 3804
1 1794 13600000 3409
0 174 13700000 5053
0 206 13800000 5043
1 1698 13900000 3571
1 776 14000000 4514
1 1618 14100000 3693
0 702 14200000 4631
0 1422 14300000 3931
0 542 14400000 4831
1 1938 14500000 3453
1 776 14600000 4634
1 1058 14700000 4371
0 2606 14800000 2843
1 488 14900000 4978
0 512 15000000 4974
0 216 15100000 5288
1 1376 15200000 4144
0 1486 15300000 4053
1 2626 15400000 2929
1 2144 15500000 3428
1 2818 15600000 2771
0 1374 15700000 4233
1 1544 15800000 4078
0 536 15900000 5104
0 1592 16000000 4064
0 1624 16100000 4048
0 632 16200000 5056
1 1384 16300000 4318
0 2046 16400000 3673
1 1954 16500000 3779
1 384 16600000 5364
0 286 16700000 5479
0 56 16800000 5724
1 1074 16900000 4719
1 3104 17000000 2704
0 856 17100000 4968
1 2914 17200000 2923
1 578 17300000 5273
0 974 17400000 4893
0 1742 17500000 4139
0 1726 17600000 4169
0 926 17700000 4983
1 658 17800000 5263
1 3026 17900000 2909
0 1216 18000000 4734
1 2664 18100000 3298
0 174 18200000 5803
0 2336 18300000 3654
1 3784 18400000 2218
1 3026 18500000 2989
1 2944 18600000 3084
1 3538 18700000 2503
0 3006 18800000 3049
0 1112 18900000 4956
1 1458 19000000 4621
0 3262 19100000 2831
1 608 19200000 5496
0 2912 19300000 3206
1 2258 19400000 3871
0 62 19500000 6081
0 1806 19600000 4349
0 2974 19700000 3193
0 3566 19800000 2613
0 3582 19900000 2609
0 3022 20000000 3181
0 1886 20100000 4329
0 174 20200000 6053
1 2114 20300000 4123
0 3616 20400000 2634
0 224 20500000 6038
1 3744 20600000 2528
0 446 20700000 5839
0 4152 20800000 2144
1 1448 20900000 4858
0 1246 21000000 5073
0 3456 21100000 2874
1 3776 21200000 2564
1 2578 21300000 3773
1 1864 21400000 4498
1 1634 21500000 4739
1 1888 21600000 4496
1 2626 21700000 3769
1 3848 21800000 2558
0 3712 21900000 2706
0 1566 22000000 4863
1 1064 22100000 5374
1 4178 22200000 2271
0 1662 22300000 4799
1 2376 22400000 4094
0 2624 22500000 3858
1 2338 22600000 4153
0 1822 22700000 4681
1 4064 22800000 2448
1 744 22900000 5778
0 2176 23000000 4358
0 4696 23100000 1848
1 2994 23200000 3559
1 1314 23300000 5249
1 34 23400000 6539
0 846 23500000 5739
0 1326 23600000 5269
0 1406 23700000 5199
0 1086 23800000 5529
0 366 23900000 6259
1 754 24000000 5879
1 2274 24100000 4369
1 4194 24200000 2459
0 3736 24300000 2928
0 1056 24400000 5618
1 2024 24500000 4658
0 4862 24600000 1831
0 1022 24700000 5681
1 3218 24800000 3493
0 2624 24900000 4098
1 2376 25000000 4354
0 2782 25100000 3959
1 2978 25200000 3771
0 1496 25300000 5264
1 5024 25400000 1744
1 1234 25500000 5543
0 2232 25600000 4556
0 5374 25700000 1423
1 2626 25800000 4179
1 168 25900000 6646
0 1966 26000000 4859
0 3776 26100000 3058
0 5262 26200000 1581
1 4578 26300000 2273
1 3776 26400000 3084
1 3298 26500000 3571
1 3144 26600000 3734
1 3314 26700000 3573
1 3808 26800000 3088
1 4626 26900000 2279
0 5486 27000000 1429
0 4056 27100000 2868
0 2302 27200000 4631
0 224 27300000 6718
1 2178 27400000 4771
1 4904 27500000 2054
0 3512 27600000 3456
0 174 27700000 6803
1 3488 27800000 3496
0 4096 27900000 2898
1 178 28000000 6823
1 4776 28100000 2234
0 1976 28200000 5044
1 3234 28300000 3793
0 2974 28400000 4063
1 2848 28500000 4196
0 2816 28600000 4238
1 3618 28700000 3443
0 1502 28800000 5569
1 5544 28900000 1534
1 968 29000000 6118
0 3352 29100000 3744
1 4594 29200000 2509
1 818 29300000 6293
0 2702 29400000 4419
0 5966 29500000 1163
1 3168 29600000 3968
1 448 29700000 6696
0 2016 29800000 5138
0 4224 29900000 2938
1 6098 30000000 1071
1 4434 30100000 2743
1 3026 30200000 4159
1 1874 30300000 5319
1 978 30400000 6223
1 338 30500000 6871
0 46 30600000 7173
0 174 30700000 7053
0 46 30800000 7189
1 338 30900000 6903
1 978 31000000 6271
1 1874 31100000 5383
1 3026 31200000 4239
1 4434 31300000 2839
1 6098 31400000 1183
0 4736 31500000 2554
0 2592 31600000 4706
0 192 31700000 7114
1 2464 31800000 4848
1 5376 31900000 1944
0 4366 32000000 2963
0 974 32100000 6363
1 2674 32200000 4669
0 6424 32300000 928
0 2296 32400000 5064
1 2088 32500000 5278
0 6366 32600000 1009
0 1502 32700000 5881
1 3618 32800000 3771
0 4192 32900000 3206
1 1408 33000000 5996
0 5982 33100000 1431
1 98 33200000 7321
1 6434 33300000 993
0 312 33400000 7124
1 6504 33500000 938
1 178 33600000 7271
0 5952 33700000 1506
1 1568 33800000 5896
0 4142 33900000 3331
1 3858 34000000 3621
0 1432 34100000 6056
0 6526 34200000 969
1 2178 34300000 5323
0 2496 34400000 5014
1 6688 34500000 828
1 2434 34600000 5089
0 1624 34700000 5908
0 5486 34800000 2053
1 4626 34900000 2919
1 1184 35000000 6368
0 2062 35100000 5499
0 5112 35200000 2456
1 5928 35300000 1646
1 3298 35400000 4283
1 864 35500000 6724
0 1374 35600000 6223
0 3416 35700000 4188
0 5262 35800000 2349
0 6912 35900000 706
1 5728 36000000 1896
1 4498 36100000 3133
1 3464 36200000 4174
1 2626 36300000 5019
1 1984 36400000 5668
1 1538 36500000 6121
1 1288 36600000 6378
1 1234 36700000 6439
1 1376 36800000 6304
1 1714 36900000 5973
1 2248 37000000 5446
1 2978 37100000 4723
1 3904 37200000 3804
1 5026 37300000 2689
1 6344 37400000 1378
0 6656 37500000 1074
0 4974 37600000 2763
0 3096 37700000 4648
0 1022 37800000 6729
1 1248 37900000 6508
1 3714 38000000 4049
1 6376 38100000 1394
0 5472 38200000 2306
0 2446 38300000 5339
1 776 38400000 7014
1 4194 38500000 3603
0 7006 38600000 799
0 3224 38700000 4588
1 754 38800000 7063
1 4928 38900000 2896
0 5624 39000000 2208
0 1086 39100000 6753
1 3648 39200000 4196
0 6424 39300000 1428
0 1326 39400000 6533
1 3968 39500000 3896
0 5624 39600000 2248
1 34 39700000 7843
1 5888 39800000 1996
0 3224 39900000 4668
1 2994 40000000 4903
0 5806 40100000 2099
1 776 40200000 7134
1 7554 40300000 363
0 766 40400000 7159
1 6376 40500000 1554
0 1632 40600000 6306
1 5874 40700000 2069
0 1822 40800000 6129
1 6048 40900000 1908
0 1336 41000000 6628
1 6898 41100000 1071
0 174 41200000 7803
0 7102 41300000 881
1 1664 41400000 6324
0 4952 41500000 3044
1 4178 41600000 3823
0 2126 41700000 5883
1 7368 41800000 646
1 1376 41900000 6644
0 4472 42000000 3556
1 5554 42100000 2479
1 18 42200000 8021
0 5374 42300000 2673
1 5184 42400000 2868
1 104 42500000 7954
0 4832 42600000 3234
1 6258 42700000 1813
1 1634 42800000 6443
0 2846 42900000 5239
0 7182 43000000 909
1 4608 43100000 3488
1 584 43200000 7518
0 3296 43300000 4814
0 7032 43400000 1084
1 5458 43500000 2663
1 2034 43600000 6093
0 1246 43700000 6889
0 4382 43800000 3759
0 7374 43900000 773
1 5984 44000000 2168
1 3304 44100000 4854
1 768 44200000 7396
0 1624 44300000 6548
0 3872 44400000 4306
0 5976 44500000 2208
0 7936 44600000 254
2 6626 44700000 1568
0 62 44800000 8351
1 68 44900000 8438
1 4 45000000 8574
0 876 45100000 7764
1 644 45200000 8048
1 676 45300000 8064
1 468 45400000 8316
1 426 45500000 8399
0 926 45600000 7939
1 676 45700000 8224
0 1132 45800000 7804
0 1406 45900000 7563
0 542 46000000 8459
1 1076 46100000 7954
0 382 46200000 8679
1 1524 46300000 7564
0 574 46400000 8543
1 244 46500000 8898
1 84 46600000 9084
0 1366 46700000 7829
0 316 46800000 8904
0 956 46900000 8288
1 708 47000000 8558
1 298 47100000 8991
1 2004 47200000 7308
1 1268 47300000 8066
0 2174 47400000 7183
1 874 47500000 8503
1 1044 47600000 8354
0 1916 47700000 7504
1 1698 47800000 7741
1 2018 47900000 7441
0 1196 48000000 8284
1 2244 48100000 7254
1 1994 48200000 7523
0 2174 48300000 7363
1 388 48400000 9166
0 1116 48500000 8458
0 1324 48600000 8268
0 236 48700000 9374
1 2148 48800000 7478
1 34 48900000 9609
0 924 49000000 8738
0 726 49100000 8953
1 628 49200000 9066
0 2924 49300000 6788
1 674 49400000 9053
0 766 49500000 8979
0 1182 49600000 8579
0 574 49700000 9203
1 1058 49800000 8733
0 2732 49900000 7076
1 884 50000000 8938
0 1046 50100000 8793
0 2076 50200000 7778
0 2206 50300000 7663
0 1436 50400000 8448
1 234 50500000 9663
1 2804 50600000 7108
0 652 50700000 9276
0 3324 50800000 6618
1 1826 50900000 8129
1 778 51000000 9191
1 514 51100000 9469
1 1034 51200000 8963
1 2338 51300000 7673
0 2892 51400000 7134
0 76 51500000 9964
1 3524 51600000 6528
1 426 51700000 9639
0 1996 51800000 8084
0 3742 51900000 6351
1 2826 52000000 7279
1 2484 52100000 7634
1 2818 52200000 7313
1 3828 52300000 6316
0 2332 52400000 7826
0 22 52500000 10149
1 2964 52600000 7218
0 1372 52700000 8824
1 2914 52800000 7293
0 222 52900000 9999
0 2782 53000000 7451
1 3428 53100000 6816
1 2068 53200000 8188
1 1284 53300000 8984
1 1076 53400000 9204
1 1444 53500000 8848
1 2388 53600000 7916
1 3908 53700000 6408
0 2526 53800000 7803
1 98 53900000 10241
1 3298 54000000 7053
0 1596 54100000 8768
1 2708 54200000 7666
0 1174 54300000 9213
1 4234 54400000 6163
1 1364 54500000 9044
0 1022 54600000 9399
0 2924 54700000 7508
0 4342 54800000 6101
1 3754 54900000 6699
1 3348 55000000 7116
1 3426 55100000 7049
1 3988 55200000 6498
0 4172 55300000 6326
0 2686 55400000 7823
0 716 55500000 9804
1 1738 55600000 8791
1 4676 55700000 5864
0 1324 55800000 9228
1 2538 55900000 8023
0 2622 56000000 7951
1 2164 56100000 8418
0 2156 56200000 8438
1 3554 56300000 7049
1 74 56400000 10539
0 3006 56500000 7619
1 4068 56600000 6566
1 1828 56700000 8816
0 12 56800000 10644
0 1452 56900000 9214
0 2492 57000000 8184
0 3132 57100000 7554
0 3372 57200000 7324
0 3212 57300000 7494
0 2652 57400000 8064
0 1692 57500000 9034
0 332 57600000 10404
1 1428 57700000 9316
1 3588 57800000 7166
0 4126 57900000 6639
0 1206 58000000 9569
1 2114 58100000 8669
0 4556 58200000 6238
0 476 58300000 10328
1 4004 58400000 6808
0 1622 58500000 9201
1 3618 58600000 7213
0 1324 58700000 9518
1 4676 58800000 6174
1 418 58900000 10441
0 3516 59000000 7354
1 3604 59100000 7274
1 354 59200000 10533
0 2572 59300000 8326
0 5174 59400000 5733
1 3426 59500000 7489
1 1508 59600000 9416
0 86 59700000 10849
0 1356 59800000 9588
0 2302 59900000 8651
0 2924 60000000 8038
0 3222 60100000 7749
0 3196 60200000 7784
0 2846 60300000 8143
0 2172 60400000 8826
0 1174 60500000 9833
1 148 60600000 10866
1 1794 60700000 9229
1 3764 60800000 7268
0 5324 60900000 5718
0 2742 61000000 8309
1 164 61100000 10894
1 3394 61200000 7673
0 4574 61300000 6503
0 732 61400000 10354
1 3434 61500000 7659
0 3702 61600000 7401
1 1076 61700000 10034
0 5516 61800000 5604
0 126 61900000 11003
1 5588 62000000 5548
0 172 62100000 10974
0 5676 62200000 5478
1 938 62300000 10223
0 4022 62400000 7149
1 3204 62500000 7974
0 1212 62600000 9976
0 5372 62700000 5824
1 2754 62800000 8449
0 862 62900000 10351
0 4222 63000000 6999
1 4804 63100000 6424
1 1988 63200000 9248
0 572 63300000 10674
0 2876 63400000 8378
0 4924 63500000 6338
1 5578 63600000 5691
1 4074 63700000 7203
1 2826 63800000 8459
1 1834 63900000 9459
1 1098 64000000 10203
1 618 64100000 10691
1 394 64200000 10923
1 426 64300000 10899
1 714 64400000 10619
1 1258 64500000 10083
1 2058 64600000 9291
1 3114 64700000 8243
1 4426 64800000 6939
1 5994 64900000 5379
0 4924 65000000 6458
0 2876 65100000 8514
0 572 65200000 10826
1 1988 65300000 9416
1 4804 65400000 6608
0 5022 65500000 6399
0 1726 65600000 9703
1 1826 65700000 9609
1 5634 65800000 5809
0 3324 65900000 8128
1 964 66000000 10494
1 5508 66100000 5958
0 2806 66200000 8669
1 2218 66300000 9263
0 5676 66400000 5814
0 172 66500000 11326
1 5588 66600000 5916
0 1662 66700000 9851
1 4578 66800000 6941
0 2252 66900000 9276
1 4468 67000000 7066
0 1942 67100000 9601
1 5258 67200000 6291
0 732 67300000 10826
0 6526 67400000 5039
1 1378 67500000 10193
0 3996 67600000 7584
1 4388 67700000 7198
0 566 67800000 11029
0 5324 67900000 6278
1 3764 68000000 7844
0 574 68100000 11043
0 4716 68200000 6908
1 5076 68300000 6554
1 1354 68400000 10283
0 2172 68500000 9474
0 5502 68600000 6151
1 5218 68700000 6441
1 2308 68800000 9358
0 406 68900000 11269
0 2924 69000000 8758
0 5246 69100000 6443
1 6626 69200000 5069
1 4724 69300000 6978
1 3018 69400000 8691
1 1508 69500000 10208
1 194 69600000 11529
0 924 69700000 10808
0 1846 69800000 9893
0 2572 69900000 9174
0 3102 70000000 8651
0 3436 70100000 8324
0 3574 70200000 8193
0 3516 70300000 8258
0 3262 70400000 8519
0 2812 70500000 8976
0 2166 70600000 9629
0 1324 70700000 10478
0 286 70800000 11523
1 948 70900000 10866
1 2378 71000000 9443
1 4004 71100000 7824
1 5826 71200000 6009
0 6742 71300000 5101
0 4556 71400000 7294
0 2174 71500000 9683
1 404 71600000 11458
1 3178 71700000 8691
1 6148 71800000 5728
0 5436 71900000 6448
0 2102 72000000 9789
1 1428 72100000 10468
1 5154 72200000 6749
0 5782 72300000 6129
0 1692 72400000 10226
1 2594 72500000 9329
1 7076 72600000 4854
0 3212 72700000 8726
1 1634 72800000 10309
1 6676 72900000 5274
0 3132 73000000 8826
1 2274 73100000 9689
0 7222 73200000 4749
0 1452 73300000 10526
1 4514 73400000 7469
0 4502 73500000 7489
1 1828 73600000 10168
0 6876 73700000 5128
0 182 73800000 11829
1 6708 73900000 5308
0 1516 74000000 10508
1 5738 74100000 6291
0 2174 74200000 9863
1 5444 74300000 6598
0 2156 74400000 9894
1 5826 74500000 6229
0 1462 74600000 10601
1 6884 74700000 5184
0 92 74800000 11984
0 6924 74900000 5158
1 1954 75000000 10133
0 4566 75100000 7529
1 4676 75200000 7424
0 1532 75300000 10576
0 7596 75400000 4518
1 2178 75500000 9941
0 3574 75600000 8553
1 6564 75700000 5568
1 1124 75800000 11014
0 4172 75900000 7974
1 6498 76000000 5653
1 1514 76100000 10643
0 3326 76200000 8839
1 7876 76300000 4294
1 3348 76400000 8828
0 1036 76500000 11148
0 5276 76600000 6914
1 6626 76700000 5569
1 2698 76800000 9503
0 1086 76900000 11123
0 4726 77000000 7489
1 7876 77100000 4344
1 4548 77200000 7678
1 1364 77300000 10868
0 1676 77400000 10564
0 4572 77500000 7674
0 7324 77600000 4928
1 6314 77700000 5943
1 3874 77800000 8389
1 1578 77900000 10691
0 574 78000000 11703
0 2582 78100000 9701
0 4446 78200000 7843
0 6166 78300000 6129
0 7742 78400000 4559
1 7268 78500000 5038
1 6004 78600000 6308
1 4884 78700000 7434
1 3908 78800000 8416
1 3076 78900000 9254
1 2388 79000000 9948
1 1844 79100000 10498
1 1444 79200000 10904
1 1188 79300000 11166
1 1076 79400000 11284
1 1108 79500000 11258
1 1284 79600000 11088
1 1604 79700000 10774
1 2068 79800000 10316
1 2676 79900000 9714
1 3428 80000000 8968
1 4324 80100000 8078
1 5364 80200000 7044
1 6548 80300000 5866
1 7876 80400000 4544
0 7574 80500000 4853
0 5982 80600000 6451
0 4246 80700000 8193
0 2366 80800000 10079
0 342 80900000 12109
1 1826 81000000 10629
1 4138 81100000 8323
1 6594 81200000 5873
0 7916 81300000 4558
0 5196 81400000 7284
0 2332 81500000 10154
1 676 81600000 11814
1 3828 81700000 8668
1 7124 81800000 5378
0 6686 81900000 5823
0 3126 82000000 9389
1 578 82100000 11941
1 4426 82200000 8099
1 8418 82300000 4113
0 4812 82400000 7726
0 556 82500000 11988
1 3844 82600000 8704
1 8388 82700000 4166
0 4382 82800000 8179
1 426 82900000 12139
1 5378 83000000 7193
0 7052 83100000 5526
0 1836 83200000 10748
1 3524 83300000 9064
0 8566 83400000 4029
0 2942 83500000 9659
1 2826 83600000 9779
1 8738 83700000 3873
0 2892 83800000 9726
1 3284 83900000 9338
0 8126 84000000 4503
0 1686 84100000 10949
1 4898 84200000 7741
0 6172 84300000 6474
1 676 84400000 11974
1 7668 84500000 4988
0 3062 84600000 9601
1 4194 84700000 8473
0 6316 84800000 6358
1 1204 84900000 11474
1 8868 85000000 3816
0 1302 85100000 11389
1 6626 85200000 6069
0 3324 85300000 9378
1 4868 85400000 7838
0 4862 85500000 7851
1 3594 85600000 9123
0 5916 85700000 6808
1 2804 85800000 9924
0 6486 85900000 6249
1 2498 86000000 10241
0 6572 86100000 6174
1 2676 86200000 10074
0 6174 86300000 6583
1 3338 86400000 9423
0 5292 86500000 7476
1 4484 86600000 8288
0 3926 86700000 8853
1 6114 86800000 6669
0 2076 86900000 10714
1 8228 87000000 4566
1 258 87100000 12541
0 7612 87200000 5194
1 3076 87300000 9734
0 4574 87400000 8243
1 6378 87500000 6443
0 1052 87600000 11776
0 8382 87700000 4451
1 2954 87800000 9883
0 4156 87900000 8688
1 7444 88000000 5404
1 554 88100000 12299
0 6236 88200000 6624
1 5748 88300000 7116
0 822 88400000 12049
0 7292 88500000 5584
1 5076 88600000 7804
0 1174 88700000 11713
0 7324 88800000 5568
1 5428 88900000 7468
0 502 89000000 12401
0 6332 89100000 6576
1 6804 89200000 6108
1 1194 89300000 11723
0 4316 89400000 8608
1 9204 89500000 3724
1 3914 89600000 9019
0 1276 89700000 11664
0 6366 89800000 6579
1 7658 89900000 5291
1 2788 90000000 10166
0 1982 90100000 10979
0 6652 90200000 6314
1 7876 90300000 5094
1 3426 90400000 9549
0 924 90500000 12058
0 5174 90600000 7813
0 9324 90700000 3668
1 5828 90800000 7168
1 1898 90900000 11103
0 1932 91000000 11076
0 5662 91100000 7351
0 9292 91200000 3726
1 6484 91300000 6538
1 3074 91400000 9953
0 236 91500000 12798
0 3446 91600000 9593
0 6556 91700000 6488
0 9566 91800000 3483
1 6954 91900000 6099
1 4164 92000000 8894
1 1474 92100000 11589
0 1116 92200000 11954
0 3606 92300000 9469
0 5996 92400000 7084
0 8286 92500000 4799
1 9098 92600000 3991
1 7028 92700000 6066
1 5058 92800000 8041
1 3188 92900000 9916
1 1418 93000000 11691
0 252 93100000 12864
0 1822 93200000 11299
0 3292 93300000 9834
0 4662 93400000 8469
0 5932 93500000 7204
0 7102 93600000 6039
0 8172 93700000 4974
0 9142 93800000 4009
1 9826 93900000 3329
1 9076 94000000 4084
1 8426 94100000 4739
1 7876 94200000 5294
1 7426 94300000 5749
1 7076 94400000 6104
1 6826 94500000 6359
1 6676 94600000 6514
1 6626 94700000 6569
1 6676 94800000 6524
1 6826 94900000 6379
1 7076 95000000 6134
1 7426 95100000 5789
1 7876 95200000 5344
1 8426 95300000 4799
1 9076 95400000 4154
1 9826 95500000 3409
0 9502 95600000 3739
0 8572 95700000 4674
0 7542 95800000 5709
0 6412 95900000 6844
0 5182 96000000 8079
0 3852 96100000 9414
0 2422 96200000 10849
0 892 96300000 12384
1 738 96400000 12541
1 2468 96500000 10816
1 4298 96600000 8991
1 6228 96700000 7066
1 8258 96800000 5041
0 10046 96900000 3259
0 7836 97000000 5474
0 5526 97100000 7789
0 3116 97200000 10204
0 606 97300000 12719
1 2004 97400000 11324
1 4714 97500000 8619
1 7524 97600000 5814
0 10156 97700000 3188
0 7166 97800000 6183
0 4076 97900000 9278
0 886 98000000 12473
1 2404 98100000 10958
1 5794 98200000 7573
1 9284 98300000 4088
0 7852 98400000 5526
0 4182 98500000 9201
0 412 98600000 12976
1 3458 98700000 9933
1 7428 98800000 5968
0 9324 98900000 4078
0 5174 99000000 8233
0 924 99100000 12488
1 3426 99200000 9989
1 7876 99300000 5544
0 8492 99400000 4934
0 3862 99500000 9569
1 868 99600000 12566
1 5698 99700000 7741
0 10366 99800000 3079
0 5356 99900000 8094
0 246 100000000 13209
1 4964 100100000 8494
1 10274 100200000 3189
0 5406 100300000 8063
1 84 100400000 13388
1 5674 100500000 7803
0 9782 100600000 3701
0 4012 100700000 9476
1 1858 100800000 11633
1 7828 100900000 5668
0 7324 101000000 6178
0 1174 101100000 12333
1 5076 101200000 8434
0 9852 101300000 3664
0 3422 101400000 10099
1 3108 101500000 10416
1 9738 101600000 3791
0 4886 101700000 8649
1 1924 101800000 11614
1 8834 101900000 4709
0 5566 102000000 7983
1 1524 102100000 12028
1 8714 102200000 4843
0 5462 102300000 8101
1 1908 102400000 11658
1 9378 102500000 4193
0 4574 102600000 9003
1 3076 102700000 10504
0 10732 102800000 2854
0 2902 102900000 10689
1 5028 103000000 8566
0 8556 103100000 5044
0 446 103200000 13159
1 7764 103300000 5844
0 5596 103400000 8018
1 2794 103500000 10823
0 10422 103600000 3201
0 1852 103700000 11776
1 6818 103800000 6813
0 6174 103900000 7463
1 2676 104000000 10964
0 10172 104100000 3474
0 1142 104200000 12509
1 7988 104300000 5666
0 4636 104400000 9024
1 4674 104500000 8989
0 7806 104600000 5863
1 1684 104700000 11988
0 10652 104800000 3026
0 982 104900000 12701
1 8788 105000000 4898
0 3324 105100000 10368
1 6626 105200000 7069
0 5342 105300000 8359
1 4788 105400000 8916
0 7036 105500000 6674
1 3274 105600000 10439
0 8406 105700000 5313
1 2084 105800000 11638
0 9452 105900000 4276
1 1218 106000000 12513
0 10174 106100000 3563
1 676 106200000 13064
0 10572 106300000 3174
1 458 106400000 13291
0 10646 106500000 3109
1 564 106600000 13194
0 10396 106700000 3368
1 994 106800000 12773
0 9822 106900000 3951
1 1748 107000000 12028
0 8924 107100000 4858
1 2826 107200000 10959
0 7702 107300000 6089
1 4228 107400000 9566
0 6156 107500000 7644
1 5954 107600000 7849
0 4286 107700000 9523
1 8004 107800000 5808
0 2092 107900000 11726
1 10378 108000000 3443
1 426 108100000 13399
0 9462 108200000 4369
1 3268 108300000 10566
0 6476 108400000 7364
1 6434 108500000 7409
0 3166 108600000 10683
1 9924 108700000 3928
1 468 108800000 13388
0 8924 108900000 4938
1 4426 109000000 9439
0 4822 109100000 9049
1 8708 109200000 5166
0 396 109300000 13484
0 9436 109400000 4448
1 4354 109500000 9533
0 4542 109600000 9351
1 9428 109700000 4468
1 676 109800000 13224
0 8012 109900000 5894
1 6218 110000000 7691
0 2326 110100000 11589
0 10806 110200000 3113
1 3684 110300000 10238
0 4652 110400000 9276
1 10018 110500000 3913
1 1826 110600000 12109
0 6302 110700000 7639
1 8628 110800000 5316
1 644 110900000 13304
0 7276 111000000 6678
1 7914 111100000 6043
1 138 111200000 13823
0 7574 111300000 6393
1 7876 111400000 6094
1 308 111500000 13666
0 7196 111600000 6784
1 8514 111700000 5469
1 1154 111800000 12833
0 6142 111900000 7851
1 9828 112000000 4168
1 2676 112100000 11324
0 4412 112200000 9594
0 11436 112300000 2574
1 4874 112400000 9139
0 2006 112500000 12013
0 8822 112600000 5201
1 7748 112700000 6278
1 1076 112800000 12954
0 5532 112900000 8504
1 11298 113000000 2741
1 4834 113100000 9209
0 1566 113200000 12483
0 7902 113300000 6151
1 9268 113400000 4788
1 3076 113500000 10984
0 3052 113600000 11014
0 9116 113700000 4954
1 8394 113800000 5679
1 2474 113900000 11603
0 3382 114000000 10701
0 9174 114100000 4913
1 8676 114200000 5414
1 3028 114300000 11066
0 2556 114400000 11544
0 8076 114500000 6028
1 10114 114600000 3993
1 4738 114700000 9373
0 574 114800000 13543
0 5822 114900000 8299
0 11006 115000000 3119
1 7604 115100000 6524
1 2564 115200000 11568
0 2412 115300000 11726
0 7324 115400000 6818
1 11626 115500000 2519
1 6858 115600000 7291
1 2154 115700000 11999
0 2486 115800000 11673
0 7062 115900000 7101
0 11574 116000000 2593
1 7876 116100000 6294
1 3508 116200000 10666
0 796 116300000 13384
0 5036 116400000 9148
0 9212 116500000 4976
1 10658 116600000 3533
1 6626 116700000 7569
1 2658 116800000 11541
0 1246 116900000 12959
0 5086 117000000 9123
0 8862 117100000 5351
1 11508 117200000 2708
1 7876 117300000 6344
1 4308 117400000 9916
1 804 117500000 13424
0 2636 117600000 11598
